<?xml version="1.0" encoding="UTF-8"?>
<testng-results skipped="0" failed="0" total="1" passed="1">
  <reporter-output>
  </reporter-output>
  <suite name="Default suite" duration-ms="37423" started-at="2015-08-08T13:01:33Z" finished-at="2015-08-08T13:02:10Z">
    <groups>
    </groups>
    <test name="Default test" duration-ms="37423" started-at="2015-08-08T13:01:33Z" finished-at="2015-08-08T13:02:10Z">
      <class name="com.test.TestLink_Update_Search_Google">
        <test-method status="PASS" signature="searchGoogle()[pri:0, instance:com.test.TestLink_Update_Search_Google@1172f8f]" name="searchGoogle" duration-ms="37404" started-at="2015-08-08T18:31:33Z" finished-at="2015-08-08T18:32:10Z">
          <reporter-output>
          </reporter-output>
        </test-method> <!-- searchGoogle -->
      </class> <!-- com.test.TestLink_Update_Search_Google -->
    </test> <!-- Default test -->
  </suite> <!-- Default suite -->
</testng-results>
